<?xml version="1.0" encoding="UTF-8"?>
<!-- Generated by org.testng.reporters.JUnitReportReporter -->
<testsuite hostname="Rubys-MacBook-Air.local" failures="3" tests="7" name="testRunnner.Runnner1" time="172.644" errors="0" timestamp="2024-11-12T09:52:06 PST" skipped="0">
  <testcase classname="testRunnner.Runnner1" name="runScenario" time="26.132"/>
  <testcase classname="testRunnner.Runnner1" name="runScenario" time="18.608"/>
  <testcase classname="testRunnner.Runnner1" name="runScenario" time="16.203"/>
  <testcase classname="testRunnner.Runnner1" name="runScenario" time="27.658">
    <failure message="Unexpected alert message: This user already exist." type="java.lang.AssertionError">
      <![CDATA[java.lang.AssertionError: Unexpected alert message: This user already exist.
at org.testng.AssertJUnit.fail(AssertJUnit.java:65)
at stepdefinitions.loginstep.user_should_be_successfully_registered(loginstep.java:169)
at ✽.User should be successfully registered(file:///Users/rubyverma/eclipse-workspace/certificateProject_edu/src/test/resources/feautres/demoblaze.feature:38)
]]>
    </failure>
  </testcase> <!-- runScenario -->
  <testcase classname="testRunnner.Runnner1" name="runScenario" time="27.638">
    <failure message="Unexpected alert message: This user already exist." type="java.lang.AssertionError">
      <![CDATA[java.lang.AssertionError: Unexpected alert message: This user already exist.
at org.testng.AssertJUnit.fail(AssertJUnit.java:65)
at stepdefinitions.loginstep.user_should_be_successfully_registered(loginstep.java:169)
at ✽.User should be successfully registered(file:///Users/rubyverma/eclipse-workspace/certificateProject_edu/src/test/resources/feautres/demoblaze.feature:38)
]]>
    </failure>
  </testcase> <!-- runScenario -->
  <testcase classname="testRunnner.Runnner1" name="runScenario" time="28.248">
    <failure message="Unexpected alert message: This user already exist." type="java.lang.AssertionError">
      <![CDATA[java.lang.AssertionError: Unexpected alert message: This user already exist.
at org.testng.AssertJUnit.fail(AssertJUnit.java:65)
at stepdefinitions.loginstep.user_should_be_successfully_registered(loginstep.java:169)
at ✽.User should be successfully registered(file:///Users/rubyverma/eclipse-workspace/certificateProject_edu/src/test/resources/feautres/demoblaze.feature:38)
]]>
    </failure>
  </testcase> <!-- runScenario -->
  <testcase classname="testRunnner.Runnner1" name="runScenario" time="28.157"/>
</testsuite> <!-- testRunnner.Runnner1 -->
